<?xml version="1.0" encoding="UTF-8"?>
<testng-results ignored="0" total="1" passed="1" failed="0" skipped="0">
  <reporter-output>
  </reporter-output>
  <suite started-at="2025-07-26T17:47:13 CDT" name="Suite" finished-at="2025-07-26T17:47:28 CDT" duration-ms="14702">
    <groups>
      <group name="Master">
        <method signature="TC001_AcctRegTest.verifyaccRegtest()[pri:0, instance:testCases.TC001_AcctRegTest@5505ae1a]" name="verifyaccRegtest" class="testCases.TC001_AcctRegTest"/>
      </group> <!-- Master -->
      <group name="Sanity">
        <method signature="TC001_AcctRegTest.verifyaccRegtest()[pri:0, instance:testCases.TC001_AcctRegTest@5505ae1a]" name="verifyaccRegtest" class="testCases.TC001_AcctRegTest"/>
      </group> <!-- Sanity -->
    </groups>
    <test started-at="2025-07-26T17:47:13 CDT" name="Test" finished-at="2025-07-26T17:47:28 CDT" duration-ms="14702">
      <class name="testCases.TC001_AcctRegTest">
        <test-method is-config="true" signature="setUp(java.lang.String,java.lang.String)[pri:0, instance:testCases.TC001_AcctRegTest@5505ae1a]" started-at="2025-07-26T17:47:13 CDT" name="setUp" finished-at="2025-07-26T17:47:23 CDT" duration-ms="10128" status="PASS">
          <params>
            <param index="0">
              <value>
                <![CDATA[mac]]>
              </value>
            </param>
            <param index="1">
              <value>
                <![CDATA[chrome]]>
              </value>
            </param>
          </params>
          <reporter-output>
          </reporter-output>
        </test-method> <!-- setUp -->
        <test-method signature="verifyaccRegtest()[pri:0, instance:testCases.TC001_AcctRegTest@5505ae1a]" started-at="2025-07-26T17:47:23 CDT" name="verifyaccRegtest" finished-at="2025-07-26T17:47:28 CDT" duration-ms="4375" status="PASS">
          <reporter-output>
          </reporter-output>
        </test-method> <!-- verifyaccRegtest -->
        <test-method is-config="true" signature="tearDown()[pri:0, instance:testCases.TC001_AcctRegTest@5505ae1a]" started-at="2025-07-26T17:47:28 CDT" name="tearDown" finished-at="2025-07-26T17:47:28 CDT" duration-ms="1" status="PASS">
          <reporter-output>
          </reporter-output>
        </test-method> <!-- tearDown -->
      </class> <!-- testCases.TC001_AcctRegTest -->
    </test> <!-- Test -->
  </suite> <!-- Suite -->
</testng-results>
