<?xml version="1.0" encoding="UTF-8"?>
<testng-results ignored="0" total="1" passed="1" failed="0" skipped="0">
  <reporter-output>
  </reporter-output>
  <suite started-at="2025-07-30T12:52:07 CDT" name="Suite" finished-at="2025-07-30T12:53:02 CDT" duration-ms="55266">
    <groups>
      <group name="master">
        <method signature="TC006_Checkoutoperation.endToendTest()[pri:0, instance:testCases.TC006_Checkoutoperation@388526fb]" name="endToendTest" class="testCases.TC006_Checkoutoperation"/>
      </group> <!-- master -->
    </groups>
    <test started-at="2025-07-30T12:52:07 CDT" name="Test" finished-at="2025-07-30T12:53:02 CDT" duration-ms="55266">
      <class name="testCases.TC006_Checkoutoperation">
        <test-method is-config="true" signature="setUp(java.lang.String,java.lang.String)[pri:0, instance:testCases.TC006_Checkoutoperation@388526fb]" started-at="2025-07-30T12:52:07 CDT" name="setUp" finished-at="2025-07-30T12:52:16 CDT" duration-ms="9049" status="PASS">
          <params>
            <param index="0">
              <value>
                <![CDATA[mac]]>
              </value>
            </param>
            <param index="1">
              <value>
                <![CDATA[chrome]]>
              </value>
            </param>
          </params>
          <reporter-output>
          </reporter-output>
        </test-method> <!-- setUp -->
        <test-method signature="endToendTest()[pri:0, instance:testCases.TC006_Checkoutoperation@388526fb]" started-at="2025-07-30T12:52:16 CDT" name="endToendTest" finished-at="2025-07-30T12:53:02 CDT" duration-ms="45965" status="PASS">
          <reporter-output>
          </reporter-output>
        </test-method> <!-- endToendTest -->
        <test-method is-config="true" signature="tearDown()[pri:0, instance:testCases.TC006_Checkoutoperation@388526fb]" started-at="2025-07-30T12:53:02 CDT" name="tearDown" finished-at="2025-07-30T12:53:02 CDT" duration-ms="6" status="PASS">
          <reporter-output>
          </reporter-output>
        </test-method> <!-- tearDown -->
      </class> <!-- testCases.TC006_Checkoutoperation -->
    </test> <!-- Test -->
  </suite> <!-- Suite -->
</testng-results>
