<?xml version="1.0" encoding="UTF-8"?>
<testng-results ignored="0" total="2" passed="2" failed="0" skipped="0">
  <reporter-output>
  </reporter-output>
  <suite started-at="2025-07-25T22:26:55 CDT" name="Suite" finished-at="2025-07-25T22:28:59 CDT" duration-ms="124016">
    <groups>
      <group name="Master">
        <method signature="TC001_AcctRegTest.verifyaccRegtest()[pri:0, instance:testCases.TC001_AcctRegTest@388526fb]" name="verifyaccRegtest" class="testCases.TC001_AcctRegTest"/>
        <method signature="TC002_LoginTest.LoggingIn()[pri:0, instance:testCases.TC002_LoginTest@7862f56]" name="LoggingIn" class="testCases.TC002_LoginTest"/>
      </group> <!-- Master -->
      <group name="Sanity">
        <method signature="TC001_AcctRegTest.verifyaccRegtest()[pri:0, instance:testCases.TC001_AcctRegTest@388526fb]" name="verifyaccRegtest" class="testCases.TC001_AcctRegTest"/>
      </group> <!-- Sanity -->
    </groups>
    <test started-at="2025-07-25T22:26:55 CDT" name="Linux-Chrome" finished-at="2025-07-25T22:28:30 CDT" duration-ms="94506">
      <class name="testCases.TC001_AcctRegTest">
        <test-method is-config="true" signature="setUp(java.lang.String,java.lang.String)[pri:0, instance:testCases.TC001_AcctRegTest@388526fb]" started-at="2025-07-25T22:26:55 CDT" name="setUp" finished-at="2025-07-25T22:28:27 CDT" duration-ms="91764" status="PASS">
          <params>
            <param index="0">
              <value>
                <![CDATA[linux]]>
              </value>
            </param>
            <param index="1">
              <value>
                <![CDATA[chrome]]>
              </value>
            </param>
          </params>
          <reporter-output>
          </reporter-output>
        </test-method> <!-- setUp -->
        <test-method signature="verifyaccRegtest()[pri:0, instance:testCases.TC001_AcctRegTest@388526fb]" started-at="2025-07-25T22:28:27 CDT" name="verifyaccRegtest" finished-at="2025-07-25T22:28:30 CDT" duration-ms="2500" status="PASS">
          <reporter-output>
          </reporter-output>
        </test-method> <!-- verifyaccRegtest -->
        <test-method is-config="true" signature="tearDown()[pri:0, instance:testCases.TC001_AcctRegTest@388526fb]" started-at="2025-07-25T22:28:30 CDT" name="tearDown" finished-at="2025-07-25T22:28:30 CDT" duration-ms="3" status="PASS">
          <reporter-output>
          </reporter-output>
        </test-method> <!-- tearDown -->
      </class> <!-- testCases.TC001_AcctRegTest -->
    </test> <!-- Linux-Chrome -->
    <test started-at="2025-07-25T22:26:55 CDT" name="Linux-Firefox" finished-at="2025-07-25T22:28:59 CDT" duration-ms="124016">
      <class name="testCases.TC002_LoginTest">
        <test-method is-config="true" signature="setUp(java.lang.String,java.lang.String)[pri:0, instance:testCases.TC002_LoginTest@7862f56]" started-at="2025-07-25T22:26:55 CDT" name="setUp" finished-at="2025-07-25T22:28:57 CDT" duration-ms="121905" status="PASS">
          <params>
            <param index="0">
              <value>
                <![CDATA[linux]]>
              </value>
            </param>
            <param index="1">
              <value>
                <![CDATA[firefox]]>
              </value>
            </param>
          </params>
          <reporter-output>
          </reporter-output>
        </test-method> <!-- setUp -->
        <test-method signature="LoggingIn()[pri:0, instance:testCases.TC002_LoginTest@7862f56]" started-at="2025-07-25T22:28:57 CDT" name="LoggingIn" finished-at="2025-07-25T22:28:59 CDT" duration-ms="1898" status="PASS">
          <reporter-output>
          </reporter-output>
        </test-method> <!-- LoggingIn -->
        <test-method is-config="true" signature="tearDown()[pri:0, instance:testCases.TC002_LoginTest@7862f56]" started-at="2025-07-25T22:28:59 CDT" name="tearDown" finished-at="2025-07-25T22:28:59 CDT" duration-ms="2" status="PASS">
          <reporter-output>
          </reporter-output>
        </test-method> <!-- tearDown -->
      </class> <!-- testCases.TC002_LoginTest -->
    </test> <!-- Linux-Firefox -->
  </suite> <!-- Suite -->
</testng-results>
